<?xml version="1.0" encoding="UTF-8"?>
<testsuite xmlns:xsi="http://www.w3.org/2001/XMLSchema-instance" xsi:noNamespaceSchemaLocation="https://maven.apache.org/surefire/maven-surefire-plugin/xsd/surefire-test-report.xsd" version="3.0.2" name="com.prekdu.LibraryManagementSystemTest" time="0.078" tests="9" errors="0" skipped="0" failures="0">
  <properties>
[...]
</properties>
  <testcase name="testBorrowAndReturn" classname="com.prekdu.LibraryManagementSystemTest" time="0.016"/>
  <testcase name="testBookReservation" classname="com.prekdu.LibraryManagementSystemTest" time="0.0"/>
  <testcase name="testBookLateFeeCalculation" classname="com.prekdu.LibraryManagementSystemTest" time="0.0"/>
  <testcase name="testInvalidReservation" classname="com.prekdu.LibraryManagementSystemTest" time="0.0"/>
  <testcase name="testStandardMemberBorrowLimit" classname="com.prekdu.LibraryManagementSystemTest" time="0.0"/>
  <testcase name="testPremiumMemberBorrowLimit" classname="com.prekdu.LibraryManagementSystemTest" time="0.0"/>
  <testcase name="testResourceAvailability" classname="com.prekdu.LibraryManagementSystemTest" time="0.0"/>
  <testcase name="testDigitalContentLateFeeCalculation" classname="com.prekdu.LibraryManagementSystemTest" time="0.015"/>
  <testcase name="testDigitalContentRenewal" classname="com.prekdu.LibraryManagementSystemTest" time="0.0"/>
</testsuite>